-------------------------------------------------------------------------------
Test set: TestCreditServlet
-------------------------------------------------------------------------------
Tests run: 1, Failures: 1, Errors: 0, Skipped: 0, Time elapsed: 0.471 sec <<< FAILURE!
servlet_should_not_allow_to_display_credit_schedule_if_the_claimed_amount_is_empty(TestCreditServlet)  Time elapsed: 0.354 sec  <<< FAILURE!
Wanted but not invoked:
httpServletResponse.sendRedirect("/");
-> at TestCreditServlet.servlet_should_not_allow_to_display_credit_schedule_if_the_claimed_amount_is_empty(TestCreditServlet.java:30)

However, there were other interactions with this mock:
httpServletResponse.setContentType(
    "text/html"
);
-> at CreditServlet.doPost(CreditServlet.java:63)

httpServletResponse.getWriter();
-> at CreditServlet.doPost(CreditServlet.java:64)

httpServletResponse.getWriter();
-> at CreditServlet.doPost(CreditServlet.java:65)

httpServletResponse.getWriter();
-> at CreditServlet.displaySchedule(CreditServlet.java:187)

httpServletResponse.getWriter();
-> at CreditServlet.displaySchedule(CreditServlet.java:187)

httpServletResponse.getWriter();
-> at CreditServlet.displaySchedule(CreditServlet.java:187)

httpServletResponse.getWriter();
-> at CreditServlet.displaySchedule(CreditServlet.java:187)

httpServletResponse.getWriter();
-> at CreditServlet.displaySchedule(CreditServlet.java:187)

httpServletResponse.getWriter();
-> at CreditServlet.displaySchedule(CreditServlet.java:187)

httpServletResponse.getWriter();
-> at CreditServlet.displaySchedule(CreditServlet.java:187)

httpServletResponse.getWriter();
-> at CreditServlet.displaySchedule(CreditServlet.java:187)

httpServletResponse.getWriter();
-> at CreditServlet.displaySchedule(CreditServlet.java:187)

httpServletResponse.getWriter();
-> at CreditServlet.displaySchedule(CreditServlet.java:187)

httpServletResponse.getWriter();
-> at CreditServlet.displaySchedule(CreditServlet.java:187)

httpServletResponse.getWriter();
-> at CreditServlet.displaySchedule(CreditServlet.java:187)

httpServletResponse.getWriter();
-> at CreditServlet.displaySchedule(CreditServlet.java:187)

httpServletResponse.getWriter();
-> at CreditServlet.displaySchedule(CreditServlet.java:187)

httpServletResponse.getWriter();
-> at CreditServlet.displaySchedule(CreditServlet.java:187)

httpServletResponse.getWriter();
-> at CreditServlet.displaySchedule(CreditServlet.java:187)

httpServletResponse.getWriter();
-> at CreditServlet.displaySchedule(CreditServlet.java:187)

httpServletResponse.getWriter();
-> at CreditServlet.displaySchedule(CreditServlet.java:187)

httpServletResponse.getWriter();
-> at CreditServlet.displaySchedule(CreditServlet.java:187)

httpServletResponse.getWriter();
-> at CreditServlet.displaySchedule(CreditServlet.java:187)

httpServletResponse.getWriter();
-> at CreditServlet.displaySchedule(CreditServlet.java:187)

httpServletResponse.getWriter();
-> at CreditServlet.displaySchedule(CreditServlet.java:187)

httpServletResponse.getWriter();
-> at CreditServlet.displaySchedule(CreditServlet.java:187)

httpServletResponse.getWriter();
-> at CreditServlet.displaySchedule(CreditServlet.java:187)

httpServletResponse.getWriter();
-> at CreditServlet.displaySchedule(CreditServlet.java:187)

httpServletResponse.getWriter();
-> at CreditServlet.displaySchedule(CreditServlet.java:187)

httpServletResponse.getWriter();
-> at CreditServlet.displaySchedule(CreditServlet.java:187)

httpServletResponse.getWriter();
-> at CreditServlet.displaySchedule(CreditServlet.java:187)

httpServletResponse.getWriter();
-> at CreditServlet.displaySchedule(CreditServlet.java:187)

httpServletResponse.getWriter();
-> at CreditServlet.displaySchedule(CreditServlet.java:187)

httpServletResponse.getWriter();
-> at CreditServlet.displaySchedule(CreditServlet.java:187)

httpServletResponse.getWriter();
-> at CreditServlet.displaySchedule(CreditServlet.java:187)

httpServletResponse.getWriter();
-> at CreditServlet.displaySchedule(CreditServlet.java:187)

httpServletResponse.getWriter();
-> at CreditServlet.displaySchedule(CreditServlet.java:187)

httpServletResponse.getWriter();
-> at CreditServlet.displaySchedule(CreditServlet.java:187)

httpServletResponse.getWriter();
-> at CreditServlet.displaySchedule(CreditServlet.java:187)

httpServletResponse.getWriter();
-> at CreditServlet.displaySchedule(CreditServlet.java:187)

httpServletResponse.getWriter();
-> at CreditServlet.displaySchedule(CreditServlet.java:187)

httpServletResponse.getWriter();
-> at CreditServlet.displaySchedule(CreditServlet.java:187)

httpServletResponse.getWriter();
-> at CreditServlet.displaySchedule(CreditServlet.java:187)

httpServletResponse.getWriter();
-> at CreditServlet.displaySchedule(CreditServlet.java:187)

httpServletResponse.getWriter();
-> at CreditServlet.displaySchedule(CreditServlet.java:187)

httpServletResponse.getWriter();
-> at CreditServlet.displaySchedule(CreditServlet.java:187)

httpServletResponse.getWriter();
-> at CreditServlet.displaySchedule(CreditServlet.java:187)

httpServletResponse.getWriter();
-> at CreditServlet.displaySchedule(CreditServlet.java:187)

httpServletResponse.getWriter();
-> at CreditServlet.displaySchedule(CreditServlet.java:187)

httpServletResponse.getWriter();
-> at CreditServlet.displaySchedule(CreditServlet.java:187)

httpServletResponse.getWriter();
-> at CreditServlet.displaySchedule(CreditServlet.java:187)

httpServletResponse.getWriter();
-> at CreditServlet.displaySchedule(CreditServlet.java:187)

httpServletResponse.getWriter();
-> at CreditServlet.displaySchedule(CreditServlet.java:187)

httpServletResponse.getWriter();
-> at CreditServlet.displaySchedule(CreditServlet.java:187)

httpServletResponse.getWriter();
-> at CreditServlet.displaySchedule(CreditServlet.java:187)

httpServletResponse.getWriter();
-> at CreditServlet.displaySchedule(CreditServlet.java:187)

httpServletResponse.getWriter();
-> at CreditServlet.displaySchedule(CreditServlet.java:187)

httpServletResponse.getWriter();
-> at CreditServlet.displaySchedule(CreditServlet.java:187)

httpServletResponse.getWriter();
-> at CreditServlet.displaySchedule(CreditServlet.java:187)

httpServletResponse.getWriter();
-> at CreditServlet.displaySchedule(CreditServlet.java:187)

httpServletResponse.getWriter();
-> at CreditServlet.displaySchedule(CreditServlet.java:187)

httpServletResponse.getWriter();
-> at CreditServlet.displaySchedule(CreditServlet.java:187)

httpServletResponse.getWriter();
-> at CreditServlet.displaySchedule(CreditServlet.java:187)

httpServletResponse.getWriter();
-> at CreditServlet.displaySchedule(CreditServlet.java:187)

httpServletResponse.getWriter();
-> at CreditServlet.displaySchedule(CreditServlet.java:187)

httpServletResponse.getWriter();
-> at CreditServlet.displaySchedule(CreditServlet.java:187)

httpServletResponse.getWriter();
-> at CreditServlet.displaySchedule(CreditServlet.java:187)

httpServletResponse.getWriter();
-> at CreditServlet.displaySchedule(CreditServlet.java:187)

httpServletResponse.getWriter();
-> at CreditServlet.displaySchedule(CreditServlet.java:187)

httpServletResponse.getWriter();
-> at CreditServlet.displaySchedule(CreditServlet.java:187)

httpServletResponse.getWriter();
-> at CreditServlet.displaySchedule(CreditServlet.java:187)

httpServletResponse.getWriter();
-> at CreditServlet.displaySchedule(CreditServlet.java:187)

httpServletResponse.getWriter();
-> at CreditServlet.displaySchedule(CreditServlet.java:187)

httpServletResponse.getWriter();
-> at CreditServlet.displaySchedule(CreditServlet.java:187)

httpServletResponse.getWriter();
-> at CreditServlet.displaySchedule(CreditServlet.java:187)

httpServletResponse.getWriter();
-> at CreditServlet.displaySchedule(CreditServlet.java:187)

httpServletResponse.getWriter();
-> at CreditServlet.displaySchedule(CreditServlet.java:187)

httpServletResponse.getWriter();
-> at CreditServlet.displaySchedule(CreditServlet.java:187)

httpServletResponse.getWriter();
-> at CreditServlet.displaySchedule(CreditServlet.java:187)

httpServletResponse.getWriter();
-> at CreditServlet.displaySchedule(CreditServlet.java:187)

httpServletResponse.getWriter();
-> at CreditServlet.displaySchedule(CreditServlet.java:187)

httpServletResponse.getWriter();
-> at CreditServlet.displaySchedule(CreditServlet.java:187)

httpServletResponse.getWriter();
-> at CreditServlet.displaySchedule(CreditServlet.java:187)

httpServletResponse.getWriter();
-> at CreditServlet.displaySchedule(CreditServlet.java:187)

httpServletResponse.getWriter();
-> at CreditServlet.displaySchedule(CreditServlet.java:187)

httpServletResponse.getWriter();
-> at CreditServlet.displaySchedule(CreditServlet.java:187)

httpServletResponse.getWriter();
-> at CreditServlet.displaySchedule(CreditServlet.java:187)

httpServletResponse.getWriter();
-> at CreditServlet.displaySchedule(CreditServlet.java:187)

httpServletResponse.getWriter();
-> at CreditServlet.displaySchedule(CreditServlet.java:187)

httpServletResponse.getWriter();
-> at CreditServlet.displaySchedule(CreditServlet.java:187)

httpServletResponse.getWriter();
-> at CreditServlet.displaySchedule(CreditServlet.java:187)

httpServletResponse.getWriter();
-> at CreditServlet.displaySchedule(CreditServlet.java:187)

httpServletResponse.getWriter();
-> at CreditServlet.displaySchedule(CreditServlet.java:187)

httpServletResponse.getWriter();
-> at CreditServlet.displaySchedule(CreditServlet.java:187)

httpServletResponse.getWriter();
-> at CreditServlet.displaySchedule(CreditServlet.java:187)

httpServletResponse.getWriter();
-> at CreditServlet.displaySchedule(CreditServlet.java:187)

httpServletResponse.getWriter();
-> at CreditServlet.displaySchedule(CreditServlet.java:187)

httpServletResponse.getWriter();
-> at CreditServlet.displaySchedule(CreditServlet.java:187)

httpServletResponse.getWriter();
-> at CreditServlet.displaySchedule(CreditServlet.java:187)

httpServletResponse.getWriter();
-> at CreditServlet.displaySchedule(CreditServlet.java:187)

httpServletResponse.getWriter();
-> at CreditServlet.displaySchedule(CreditServlet.java:187)

httpServletResponse.getWriter();
-> at CreditServlet.displaySchedule(CreditServlet.java:187)

httpServletResponse.getWriter();
-> at CreditServlet.displaySchedule(CreditServlet.java:187)

httpServletResponse.getWriter();
-> at CreditServlet.displaySchedule(CreditServlet.java:187)

httpServletResponse.getWriter();
-> at CreditServlet.displaySchedule(CreditServlet.java:187)

httpServletResponse.getWriter();
-> at CreditServlet.displaySchedule(CreditServlet.java:187)

httpServletResponse.getWriter();
-> at CreditServlet.displaySchedule(CreditServlet.java:187)

httpServletResponse.getWriter();
-> at CreditServlet.displaySchedule(CreditServlet.java:187)

httpServletResponse.getWriter();
-> at CreditServlet.displaySchedule(CreditServlet.java:187)

httpServletResponse.getWriter();
-> at CreditServlet.displaySchedule(CreditServlet.java:187)

httpServletResponse.getWriter();
-> at CreditServlet.displaySchedule(CreditServlet.java:187)

httpServletResponse.getWriter();
-> at CreditServlet.displaySchedule(CreditServlet.java:187)

httpServletResponse.getWriter();
-> at CreditServlet.displaySchedule(CreditServlet.java:187)

httpServletResponse.getWriter();
-> at CreditServlet.displaySchedule(CreditServlet.java:187)

httpServletResponse.getWriter();
-> at CreditServlet.displaySchedule(CreditServlet.java:187)

httpServletResponse.getWriter();
-> at CreditServlet.displaySchedule(CreditServlet.java:187)

httpServletResponse.getWriter();
-> at CreditServlet.displaySchedule(CreditServlet.java:187)

httpServletResponse.getWriter();
-> at CreditServlet.displaySchedule(CreditServlet.java:187)

httpServletResponse.getWriter();
-> at CreditServlet.displaySchedule(CreditServlet.java:187)

httpServletResponse.getWriter();
-> at CreditServlet.displaySchedule(CreditServlet.java:187)

httpServletResponse.getWriter();
-> at CreditServlet.displaySchedule(CreditServlet.java:187)

httpServletResponse.getWriter();
-> at CreditServlet.displaySchedule(CreditServlet.java:187)

httpServletResponse.getWriter();
-> at CreditServlet.displaySchedule(CreditServlet.java:187)

httpServletResponse.getWriter();
-> at CreditServlet.displaySchedule(CreditServlet.java:187)

httpServletResponse.getWriter();
-> at CreditServlet.displaySchedule(CreditServlet.java:187)

httpServletResponse.getWriter();
-> at CreditServlet.displaySchedule(CreditServlet.java:187)

httpServletResponse.getWriter();
-> at CreditServlet.displaySchedule(CreditServlet.java:187)

httpServletResponse.getWriter();
-> at CreditServlet.displaySchedule(CreditServlet.java:187)

httpServletResponse.getWriter();
-> at CreditServlet.displaySchedule(CreditServlet.java:187)

httpServletResponse.getWriter();
-> at CreditServlet.displaySchedule(CreditServlet.java:187)

httpServletResponse.getWriter();
-> at CreditServlet.displaySchedule(CreditServlet.java:187)

httpServletResponse.getWriter();
-> at CreditServlet.displaySchedule(CreditServlet.java:187)

httpServletResponse.getWriter();
-> at CreditServlet.displaySchedule(CreditServlet.java:187)

httpServletResponse.getWriter();
-> at CreditServlet.displaySchedule(CreditServlet.java:187)

httpServletResponse.getWriter();
-> at CreditServlet.displaySchedule(CreditServlet.java:187)

httpServletResponse.getWriter();
-> at CreditServlet.displaySchedule(CreditServlet.java:187)

httpServletResponse.getWriter();
-> at CreditServlet.displaySchedule(CreditServlet.java:187)

httpServletResponse.getWriter();
-> at CreditServlet.displaySchedule(CreditServlet.java:187)

httpServletResponse.getWriter();
-> at CreditServlet.displaySchedule(CreditServlet.java:187)

httpServletResponse.getWriter();
-> at CreditServlet.displaySchedule(CreditServlet.java:187)

httpServletResponse.getWriter();
-> at CreditServlet.displaySchedule(CreditServlet.java:187)

httpServletResponse.getWriter();
-> at CreditServlet.displaySchedule(CreditServlet.java:187)

httpServletResponse.getWriter();
-> at CreditServlet.displaySchedule(CreditServlet.java:187)

httpServletResponse.getWriter();
-> at CreditServlet.displaySchedule(CreditServlet.java:187)

httpServletResponse.getWriter();
-> at CreditServlet.displaySchedule(CreditServlet.java:187)

httpServletResponse.getWriter();
-> at CreditServlet.displaySchedule(CreditServlet.java:187)

httpServletResponse.getWriter();
-> at CreditServlet.displaySchedule(CreditServlet.java:187)

httpServletResponse.getWriter();
-> at CreditServlet.doPost(CreditServlet.java:75)


	at TestCreditServlet.servlet_should_not_allow_to_display_credit_schedule_if_the_claimed_amount_is_empty(TestCreditServlet.java:30)
	at sun.reflect.NativeMethodAccessorImpl.invoke0(Native Method)
	at sun.reflect.NativeMethodAccessorImpl.invoke(NativeMethodAccessorImpl.java:62)
	at sun.reflect.DelegatingMethodAccessorImpl.invoke(DelegatingMethodAccessorImpl.java:43)
	at java.lang.reflect.Method.invoke(Method.java:498)
	at org.junit.runners.model.FrameworkMethod$1.runReflectiveCall(FrameworkMethod.java:50)
	at org.junit.internal.runners.model.ReflectiveCallable.run(ReflectiveCallable.java:12)
	at org.junit.runners.model.FrameworkMethod.invokeExplosively(FrameworkMethod.java:47)
	at org.junit.internal.runners.statements.InvokeMethod.evaluate(InvokeMethod.java:17)
	at org.junit.runners.ParentRunner.runLeaf(ParentRunner.java:325)
	at org.junit.runners.BlockJUnit4ClassRunner.runChild(BlockJUnit4ClassRunner.java:78)
	at org.junit.runners.BlockJUnit4ClassRunner.runChild(BlockJUnit4ClassRunner.java:57)
	at org.junit.runners.ParentRunner$3.run(ParentRunner.java:290)
	at org.junit.runners.ParentRunner$1.schedule(ParentRunner.java:71)
	at org.junit.runners.ParentRunner.runChildren(ParentRunner.java:288)
	at org.junit.runners.ParentRunner.access$000(ParentRunner.java:58)
	at org.junit.runners.ParentRunner$2.evaluate(ParentRunner.java:268)
	at org.junit.runners.ParentRunner.run(ParentRunner.java:363)
	at org.apache.maven.surefire.junit4.JUnit4Provider.execute(JUnit4Provider.java:252)
	at org.apache.maven.surefire.junit4.JUnit4Provider.executeTestSet(JUnit4Provider.java:141)
	at org.apache.maven.surefire.junit4.JUnit4Provider.invoke(JUnit4Provider.java:112)
	at sun.reflect.NativeMethodAccessorImpl.invoke0(Native Method)
	at sun.reflect.NativeMethodAccessorImpl.invoke(NativeMethodAccessorImpl.java:62)
	at sun.reflect.DelegatingMethodAccessorImpl.invoke(DelegatingMethodAccessorImpl.java:43)
	at java.lang.reflect.Method.invoke(Method.java:498)
	at org.apache.maven.surefire.util.ReflectionUtils.invokeMethodWithArray(ReflectionUtils.java:189)
	at org.apache.maven.surefire.booter.ProviderFactory$ProviderProxy.invoke(ProviderFactory.java:165)
	at org.apache.maven.surefire.booter.ProviderFactory.invokeProvider(ProviderFactory.java:85)
	at org.apache.maven.surefire.booter.ForkedBooter.runSuitesInProcess(ForkedBooter.java:115)
	at org.apache.maven.surefire.booter.ForkedBooter.main(ForkedBooter.java:75)

